
CommandNotFoundError: Your shell has not been properly configured to use 'conda activate'.
To initialize your shell, run

    $ conda init <SHELL_NAME>

Currently supported shells are:
  - bash
  - fish
  - tcsh
  - xonsh
  - zsh
  - powershell

See 'conda init --help' for more information and options.

IMPORTANT: You may need to close and restart your shell after running 'conda init'.


Initializing...
Starting...
Total files to go through:  1490
47
Number of objects:  367655
saved: /pscratch/sd/q/qhang/desi-lya/delta_F/delta-laura-part-31.fits
Initializing...
Starting...
Total files to go through:  1490
47
Number of objects:  519169
saved: /pscratch/sd/q/qhang/desi-lya/delta_F/delta-laura-part-10.fits
Initializing...
Starting...
Total files to go through:  1490
47
Number of objects:  519704
saved: /pscratch/sd/q/qhang/desi-lya/delta_F/delta-laura-part-14.fits
Initializing...
Starting...
Total files to go through:  1490
47
Number of objects:  518726
saved: /pscratch/sd/q/qhang/desi-lya/delta_F/delta-laura-part-23.fits
Initializing...
Starting...
Total files to go through:  1490
47
Number of objects:  523142
saved: /pscratch/sd/q/qhang/desi-lya/delta_F/delta-laura-part-5.fits
Initializing...
Starting...
Total files to go through:  1490
47
Number of objects:  520634
saved: /pscratch/sd/q/qhang/desi-lya/delta_F/delta-laura-part-2.fits
Initializing...
Starting...
Total files to go through:  1490
47
Number of objects:  522176
saved: /pscratch/sd/q/qhang/desi-lya/delta_F/delta-laura-part-27.fits
Initializing...
Starting...
Total files to go through:  1490
47
Number of objects:  520392
saved: /pscratch/sd/q/qhang/desi-lya/delta_F/delta-laura-part-20.fits
Initializing...
Starting...
Total files to go through:  1490
47
Number of objects:  522058
saved: /pscratch/sd/q/qhang/desi-lya/delta_F/delta-laura-part-3.fits
Initializing...
Starting...
Total files to go through:  1490
47
Number of objects:  521907
saved: /pscratch/sd/q/qhang/desi-lya/delta_F/delta-laura-part-18.fits
Initializing...
Starting...
Total files to go through:  1490
47
At most  1  tasks...
Number of objects:  525845
saved: /pscratch/sd/q/qhang/desi-lya/delta_F/delta-laura-part-0.fits
Initializing...
Starting...
Total files to go through:  1490
47
Number of objects:  524138
saved: /pscratch/sd/q/qhang/desi-lya/delta_F/delta-laura-part-8.fits
Initializing...
Starting...
Total files to go through:  1490
47
Number of objects:  522052
saved: /pscratch/sd/q/qhang/desi-lya/delta_F/delta-laura-part-21.fits
Initializing...
Starting...
Total files to go through:  1490
47
Number of objects:  522456
saved: /pscratch/sd/q/qhang/desi-lya/delta_F/delta-laura-part-1.fits
Initializing...
Starting...
Total files to go through:  1490
47
Number of objects:  525370
saved: /pscratch/sd/q/qhang/desi-lya/delta_F/delta-laura-part-24.fits
Initializing...
Starting...
Total files to go through:  1490
47
Number of objects:  526184
saved: /pscratch/sd/q/qhang/desi-lya/delta_F/delta-laura-part-7.fits
Initializing...
Starting...
Total files to go through:  1490
47
Number of objects:  524193
saved: /pscratch/sd/q/qhang/desi-lya/delta_F/delta-laura-part-16.fits
Initializing...
Starting...
Total files to go through:  1490
47
Number of objects:  523453
saved: /pscratch/sd/q/qhang/desi-lya/delta_F/delta-laura-part-15.fits
Initializing...
Starting...
Total files to go through:  1490
47
Number of objects:  528330
saved: /pscratch/sd/q/qhang/desi-lya/delta_F/delta-laura-part-30.fits
Initializing...
Starting...
Total files to go through:  1490
47
Number of objects:  521709
saved: /pscratch/sd/q/qhang/desi-lya/delta_F/delta-laura-part-19.fits
Initializing...
Starting...
Total files to go through:  1490
47
Number of objects:  527585
saved: /pscratch/sd/q/qhang/desi-lya/delta_F/delta-laura-part-6.fits
Initializing...
Starting...
Total files to go through:  1490
47
Number of objects:  523177
saved: /pscratch/sd/q/qhang/desi-lya/delta_F/delta-laura-part-11.fits
Initializing...
Starting...
Total files to go through:  1490
47
Number of objects:  525959
saved: /pscratch/sd/q/qhang/desi-lya/delta_F/delta-laura-part-17.fits
Initializing...
Starting...
Total files to go through:  1490
47
Number of objects:  526042
saved: /pscratch/sd/q/qhang/desi-lya/delta_F/delta-laura-part-29.fits
Initializing...
Starting...
Total files to go through:  1490
47
Number of objects:  526997
saved: /pscratch/sd/q/qhang/desi-lya/delta_F/delta-laura-part-9.fits
Initializing...
Starting...
Total files to go through:  1490
47
Number of objects:  522963
saved: /pscratch/sd/q/qhang/desi-lya/delta_F/delta-laura-part-13.fits
Initializing...
Starting...
Total files to go through:  1490
47
Number of objects:  526132
saved: /pscratch/sd/q/qhang/desi-lya/delta_F/delta-laura-part-22.fits
Initializing...
Starting...
Total files to go through:  1490
47
Number of objects:  529309
saved: /pscratch/sd/q/qhang/desi-lya/delta_F/delta-laura-part-28.fits
Initializing...
Starting...
Total files to go through:  1490
47
Number of objects:  525936
saved: /pscratch/sd/q/qhang/desi-lya/delta_F/delta-laura-part-25.fits
Initializing...
Starting...
Total files to go through:  1490
47
Number of objects:  523375
saved: /pscratch/sd/q/qhang/desi-lya/delta_F/delta-laura-part-26.fits
Initializing...
Starting...
Total files to go through:  1490
47
Number of objects:  527140
saved: /pscratch/sd/q/qhang/desi-lya/delta_F/delta-laura-part-4.fits
Initializing...
Starting...
Total files to go through:  1490
47
Number of objects:  534738
saved: /pscratch/sd/q/qhang/desi-lya/delta_F/delta-laura-part-12.fits
