Total files to go through:  1146
Splitting into 16 chunks...
Chunk 0 contains 72 files.
Chunk 1 contains 72 files.
Chunk 2 contains 72 files.
Chunk 3 contains 72 files.
Chunk 4 contains 72 files.
Chunk 5 contains 72 files.
Chunk 6 contains 72 files.
Chunk 7 contains 72 files.
Chunk 8 contains 72 files.
Chunk 9 contains 72 files.
Chunk 10 contains 72 files.
Chunk 11 contains 72 files.
Chunk 12 contains 72 files.
Chunk 13 contains 72 files.
Chunk 14 contains 72 files.
Chunk 15 contains 66 files.
At most  1  tasks...
number of los: 865
Number of delta F in this file is 6508
number of los: 825
Number of delta F in this file is 6153
number of los: 816
Number of delta F in this file is 6018
number of los: 18
Number of delta F in this file is 135
number of los: 863
Number of delta F in this file is 6434
number of los: 707
Number of delta F in this file is 5347
number of los: 870
Number of delta F in this file is 6634
number of los: 606
Number of delta F in this file is 4590
number of los: 3
Number of delta F in this file is 21
number of los: 853
Number of delta F in this file is 6203
number of los: 341
Number of delta F in this file is 2548
number of los: 620
Number of delta F in this file is 4606
number of los: 149
Number of delta F in this file is 1079
number of los: 152
Number of delta F in this file is 1140
number of los: 547
Number of delta F in this file is 4104
number of los: 816
Number of delta F in this file is 6028
number of los: 817
Number of delta F in this file is 6251
number of los: 681
Number of delta F in this file is 4948
number of los: 815
Number of delta F in this file is 6018
number of los: 185
Number of delta F in this file is 1396
number of los: 681
Number of delta F in this file is 5096
number of los: 799
Number of delta F in this file is 6056
number of los: 381
Number of delta F in this file is 2871
number of los: 250
Number of delta F in this file is 1827
number of los: 222
Number of delta F in this file is 1573
number of los: 756
Number of delta F in this file is 5684
number of los: 876
Number of delta F in this file is 6419
number of los: 408
Number of delta F in this file is 2867
number of los: 287
Number of delta F in this file is 2103
number of los: 791
Number of delta F in this file is 6009
number of los: 346
Number of delta F in this file is 2614
number of los: 486
Number of delta F in this file is 3682
number of los: 536
Number of delta F in this file is 3986
number of los: 387
Number of delta F in this file is 3001
number of los: 360
Number of delta F in this file is 2708
number of los: 799
Number of delta F in this file is 6083
number of los: 35
Number of delta F in this file is 272
number of los: 709
Number of delta F in this file is 5260
number of los: 739
Number of delta F in this file is 5587
number of los: 863
Number of delta F in this file is 6365
number of los: 813
Number of delta F in this file is 6037
number of los: 752
Number of delta F in this file is 5479
number of los: 638
Number of delta F in this file is 4777
number of los: 807
Number of delta F in this file is 5876
number of los: 631
Number of delta F in this file is 4746
number of los: 516
Number of delta F in this file is 3838
number of los: 774
Number of delta F in this file is 5850
number of los: 129
Number of delta F in this file is 1002
number of los: 777
Number of delta F in this file is 5897
number of los: 811
Number of delta F in this file is 5973
number of los: 735
Number of delta F in this file is 5594
number of los: 787
Number of delta F in this file is 5845
number of los: 580
Number of delta F in this file is 4292
number of los: 448
Number of delta F in this file is 3360
number of los: 879
Number of delta F in this file is 6403
number of los: 503
Number of delta F in this file is 3697
number of los: 368
Number of delta F in this file is 2676
number of los: 791
Number of delta F in this file is 6057
number of los: 33
Number of delta F in this file is 252
number of los: 847
Number of delta F in this file is 6388
number of los: 730
Number of delta F in this file is 5332
number of los: 796
Number of delta F in this file is 5902
number of los: 406
Number of delta F in this file is 2920
number of los: 828
Number of delta F in this file is 6384
number of los: 368
Number of delta F in this file is 2672
number of los: 707
Number of delta F in this file is 5132
number of los: 674
Number of delta F in this file is 5075
number of los: 185
Number of delta F in this file is 1378
number of los: 840
Number of delta F in this file is 6219
number of los: 805
Number of delta F in this file is 5943
number of los: 727
Number of delta F in this file is 5471
number of los: 773
Number of delta F in this file is 5570
Number of objects in chunk:  318261
saved: /pscratch/sd/q/qhang/desi-lya/delta_F-noise/delta-noisy-desi-footprint-chunk-0.fits
Total files to go through:  1146
Splitting into 16 chunks...
Chunk 0 contains 72 files.
Chunk 1 contains 72 files.
Chunk 2 contains 72 files.
Chunk 3 contains 72 files.
Chunk 4 contains 72 files.
Chunk 5 contains 72 files.
Chunk 6 contains 72 files.
Chunk 7 contains 72 files.
Chunk 8 contains 72 files.
Chunk 9 contains 72 files.
Chunk 10 contains 72 files.
Chunk 11 contains 72 files.
Chunk 12 contains 72 files.
Chunk 13 contains 72 files.
Chunk 14 contains 72 files.
Chunk 15 contains 66 files.
number of los: 444
Number of delta F in this file is 3356
number of los: 438
Number of delta F in this file is 3223
number of los: 733
Number of delta F in this file is 5442
number of los: 776
Number of delta F in this file is 5505
number of los: 650
Number of delta F in this file is 4788
number of los: 776
Number of delta F in this file is 5819
number of los: 664
Number of delta F in this file is 4872
number of los: 393
Number of delta F in this file is 2995
number of los: 844
Number of delta F in this file is 6090
number of los: 763
Number of delta F in this file is 5664
number of los: 824
Number of delta F in this file is 6180
number of los: 293
Number of delta F in this file is 2204
number of los: 908
Number of delta F in this file is 6765
number of los: 842
Number of delta F in this file is 6202
number of los: 646
Number of delta F in this file is 4854
number of los: 33
Number of delta F in this file is 236
number of los: 867
Number of delta F in this file is 6301
number of los: 653
Number of delta F in this file is 4820
number of los: 756
Number of delta F in this file is 5509
number of los: 9
Number of delta F in this file is 66
number of los: 845
Number of delta F in this file is 6298
number of los: 106
Number of delta F in this file is 772
number of los: 543
Number of delta F in this file is 3977
number of los: 416
Number of delta F in this file is 3137
number of los: 794
Number of delta F in this file is 5999
number of los: 814
Number of delta F in this file is 5997
number of los: 794
Number of delta F in this file is 5819
number of los: 113
Number of delta F in this file is 871
number of los: 826
Number of delta F in this file is 6208
number of los: 880
Number of delta F in this file is 6362
number of los: 567
Number of delta F in this file is 4150
number of los: 745
Number of delta F in this file is 5629
number of los: 595
Number of delta F in this file is 4305
number of los: 252
Number of delta F in this file is 1851
number of los: 837
Number of delta F in this file is 6126
number of los: 539
Number of delta F in this file is 4024
number of los: 754
Number of delta F in this file is 5471
number of los: 404
Number of delta F in this file is 3017
number of los: 781
Number of delta F in this file is 5657
number of los: 875
Number of delta F in this file is 6456
number of los: 430
Number of delta F in this file is 3315
number of los: 199
Number of delta F in this file is 1445
number of los: 14
Number of delta F in this file is 120
number of los: 737
Number of delta F in this file is 5435
number of los: 799
Number of delta F in this file is 6009
number of los: 825
Number of delta F in this file is 6050
number of los: 846
Number of delta F in this file is 6089
number of los: 540
Number of delta F in this file is 3973
number of los: 246
Number of delta F in this file is 1875
number of los: 578
Number of delta F in this file is 4225
number of los: 831
Number of delta F in this file is 6084
number of los: 577
Number of delta F in this file is 4295
number of los: 878
Number of delta F in this file is 6465
number of los: 539
Number of delta F in this file is 3951
number of los: 840
Number of delta F in this file is 6222
number of los: 608
Number of delta F in this file is 4529
number of los: 445
Number of delta F in this file is 3191
number of los: 816
Number of delta F in this file is 6183
number of los: 261
Number of delta F in this file is 1935
number of los: 727
Number of delta F in this file is 5628
number of los: 269
Number of delta F in this file is 1905
number of los: 852
Number of delta F in this file is 6558
number of los: 659
Number of delta F in this file is 4874
number of los: 350
Number of delta F in this file is 2615
number of los: 513
Number of delta F in this file is 3709
number of los: 499
Number of delta F in this file is 3579
number of los: 296
Number of delta F in this file is 2169
number of los: 325
Number of delta F in this file is 2452
number of los: 637
Number of delta F in this file is 4604
number of los: 464
Number of delta F in this file is 3505
number of los: 466
Number of delta F in this file is 3484
number of los: 67
Number of delta F in this file is 503
Number of objects in chunk:  309993
saved: /pscratch/sd/q/qhang/desi-lya/delta_F-noise/delta-noisy-desi-footprint-chunk-6.fits
Total files to go through:  1146
Splitting into 16 chunks...
Chunk 0 contains 72 files.
Chunk 1 contains 72 files.
Chunk 2 contains 72 files.
Chunk 3 contains 72 files.
Chunk 4 contains 72 files.
Chunk 5 contains 72 files.
Chunk 6 contains 72 files.
Chunk 7 contains 72 files.
Chunk 8 contains 72 files.
Chunk 9 contains 72 files.
Chunk 10 contains 72 files.
Chunk 11 contains 72 files.
Chunk 12 contains 72 files.
Chunk 13 contains 72 files.
Chunk 14 contains 72 files.
Chunk 15 contains 66 files.
number of los: 743
Number of delta F in this file is 5444
number of los: 784
Number of delta F in this file is 5715
number of los: 344
Number of delta F in this file is 2572
number of los: 801
Number of delta F in this file is 6020
number of los: 430
Number of delta F in this file is 3255
number of los: 153
Number of delta F in this file is 1182
number of los: 381
Number of delta F in this file is 2870
number of los: 231
Number of delta F in this file is 1598
number of los: 359
Number of delta F in this file is 2722
number of los: 731
Number of delta F in this file is 5345
number of los: 19
Number of delta F in this file is 114
number of los: 142
Number of delta F in this file is 1074
number of los: 777
Number of delta F in this file is 5750
number of los: 163
Number of delta F in this file is 1159
number of los: 847
Number of delta F in this file is 6225
number of los: 511
Number of delta F in this file is 3780
number of los: 833
Number of delta F in this file is 6146
number of los: 792
Number of delta F in this file is 5626
number of los: 801
Number of delta F in this file is 5935
number of los: 430
Number of delta F in this file is 3158
number of los: 302
Number of delta F in this file is 2285
number of los: 631
Number of delta F in this file is 4759
number of los: 576
Number of delta F in this file is 4333
number of los: 501
Number of delta F in this file is 3724
number of los: 816
Number of delta F in this file is 5942
number of los: 708
Number of delta F in this file is 5156
number of los: 786
Number of delta F in this file is 5783
number of los: 797
Number of delta F in this file is 5829
number of los: 559
Number of delta F in this file is 4337
number of los: 796
Number of delta F in this file is 5943
number of los: 223
Number of delta F in this file is 1581
number of los: 921
Number of delta F in this file is 6881
number of los: 783
Number of delta F in this file is 5930
number of los: 457
Number of delta F in this file is 3394
number of los: 242
Number of delta F in this file is 1776
number of los: 848
Number of delta F in this file is 6277
number of los: 747
Number of delta F in this file is 5583
number of los: 322
Number of delta F in this file is 2430
number of los: 808
Number of delta F in this file is 5958
number of los: 576
Number of delta F in this file is 4244
number of los: 848
Number of delta F in this file is 6149
number of los: 386
Number of delta F in this file is 2825
number of los: 828
Number of delta F in this file is 6110
number of los: 123
Number of delta F in this file is 938
number of los: 717
Number of delta F in this file is 5179
number of los: 115
Number of delta F in this file is 874
number of los: 640
Number of delta F in this file is 4705
number of los: 571
Number of delta F in this file is 4193
number of los: 763
Number of delta F in this file is 5516
number of los: 780
Number of delta F in this file is 5820
number of los: 488
Number of delta F in this file is 3559
number of los: 832
Number of delta F in this file is 6272
number of los: 902
Number of delta F in this file is 6722
number of los: 440
Number of delta F in this file is 3176
number of los: 835
Number of delta F in this file is 6137
number of los: 750
Number of delta F in this file is 5572
number of los: 755
Number of delta F in this file is 5625
number of los: 822
Number of delta F in this file is 6203
number of los: 809
Number of delta F in this file is 5912
number of los: 368
Number of delta F in this file is 2734
number of los: 859
Number of delta F in this file is 6307
number of los: 691
Number of delta F in this file is 5193
number of los: 795
Number of delta F in this file is 5716
number of los: 677
Number of delta F in this file is 4959
number of los: 830
Number of delta F in this file is 6213
number of los: 901
Number of delta F in this file is 6741
number of los: 784
Number of delta F in this file is 5774
number of los: 143
Number of delta F in this file is 1077
number of los: 299
Number of delta F in this file is 2314
number of los: 274
Number of delta F in this file is 2061
number of los: 895
Number of delta F in this file is 6585
number of los: 563
Number of delta F in this file is 4108
Number of objects in chunk:  319104
saved: /pscratch/sd/q/qhang/desi-lya/delta_F-noise/delta-noisy-desi-footprint-chunk-4.fits
Total files to go through:  1146
Splitting into 16 chunks...
Chunk 0 contains 72 files.
Chunk 1 contains 72 files.
Chunk 2 contains 72 files.
Chunk 3 contains 72 files.
Chunk 4 contains 72 files.
Chunk 5 contains 72 files.
Chunk 6 contains 72 files.
Chunk 7 contains 72 files.
Chunk 8 contains 72 files.
Chunk 9 contains 72 files.
Chunk 10 contains 72 files.
Chunk 11 contains 72 files.
Chunk 12 contains 72 files.
Chunk 13 contains 72 files.
Chunk 14 contains 72 files.
Chunk 15 contains 66 files.
number of los: 780
Number of delta F in this file is 5798
number of los: 745
Number of delta F in this file is 5476
number of los: 272
Number of delta F in this file is 2033
number of los: 206
Number of delta F in this file is 1524
number of los: 718
Number of delta F in this file is 5216
number of los: 793
Number of delta F in this file is 5829
number of los: 754
Number of delta F in this file is 5577
number of los: 320
Number of delta F in this file is 2317
number of los: 763
Number of delta F in this file is 5739
number of los: 344
Number of delta F in this file is 2436
number of los: 335
Number of delta F in this file is 2548
number of los: 476
Number of delta F in this file is 3556
number of los: 657
Number of delta F in this file is 4759
number of los: 822
Number of delta F in this file is 6155
number of los: 779
Number of delta F in this file is 5748
number of los: 863
Number of delta F in this file is 6283
number of los: 562
Number of delta F in this file is 4089
number of los: 794
Number of delta F in this file is 5874
number of los: 273
Number of delta F in this file is 2022
number of los: 2
Number of delta F in this file is 12
number of los: 810
Number of delta F in this file is 6004
number of los: 517
Number of delta F in this file is 3748
number of los: 758
Number of delta F in this file is 5504
number of los: 707
Number of delta F in this file is 5194
number of los: 799
Number of delta F in this file is 5983
number of los: 835
Number of delta F in this file is 6065
number of los: 677
Number of delta F in this file is 4973
number of los: 660
Number of delta F in this file is 4939
number of los: 757
Number of delta F in this file is 5653
number of los: 626
Number of delta F in this file is 4670
number of los: 650
Number of delta F in this file is 4757
number of los: 472
Number of delta F in this file is 3483
number of los: 311
Number of delta F in this file is 2313
number of los: 836
Number of delta F in this file is 6224
number of los: 338
Number of delta F in this file is 2452
number of los: 314
Number of delta F in this file is 2217
number of los: 160
Number of delta F in this file is 1201
number of los: 31
Number of delta F in this file is 222
number of los: 135
Number of delta F in this file is 1045
number of los: 822
Number of delta F in this file is 5990
number of los: 828
Number of delta F in this file is 6075
number of los: 841
Number of delta F in this file is 6080
number of los: 721
Number of delta F in this file is 5301
number of los: 720
Number of delta F in this file is 5357
number of los: 600
Number of delta F in this file is 4477
number of los: 863
Number of delta F in this file is 6226
number of los: 611
Number of delta F in this file is 4552
number of los: 780
Number of delta F in this file is 5754
number of los: 848
Number of delta F in this file is 6239
number of los: 806
Number of delta F in this file is 6122
number of los: 72
Number of delta F in this file is 534
number of los: 389
Number of delta F in this file is 2872
number of los: 764
Number of delta F in this file is 5627
number of los: 351
Number of delta F in this file is 2727
number of los: 591
Number of delta F in this file is 4367
number of los: 706
Number of delta F in this file is 5155
number of los: 842
Number of delta F in this file is 6229
number of los: 370
Number of delta F in this file is 2792
number of los: 786
Number of delta F in this file is 5742
number of los: 284
Number of delta F in this file is 2110
number of los: 436
Number of delta F in this file is 3222
number of los: 501
Number of delta F in this file is 3697
number of los: 555
Number of delta F in this file is 4117
number of los: 846
Number of delta F in this file is 6339
number of los: 343
Number of delta F in this file is 2624
number of los: 575
Number of delta F in this file is 4188
number of los: 652
Number of delta F in this file is 4919
number of los: 861
Number of delta F in this file is 6484
number of los: 867
Number of delta F in this file is 6514
number of los: 899
Number of delta F in this file is 6607
number of los: 779
Number of delta F in this file is 5864
number of los: 548
Number of delta F in this file is 4057
Number of objects in chunk:  318598
saved: /pscratch/sd/q/qhang/desi-lya/delta_F-noise/delta-noisy-desi-footprint-chunk-5.fits
Total files to go through:  1146
Splitting into 16 chunks...
Chunk 0 contains 72 files.
Chunk 1 contains 72 files.
Chunk 2 contains 72 files.
Chunk 3 contains 72 files.
Chunk 4 contains 72 files.
Chunk 5 contains 72 files.
Chunk 6 contains 72 files.
Chunk 7 contains 72 files.
Chunk 8 contains 72 files.
Chunk 9 contains 72 files.
Chunk 10 contains 72 files.
Chunk 11 contains 72 files.
Chunk 12 contains 72 files.
Chunk 13 contains 72 files.
Chunk 14 contains 72 files.
Chunk 15 contains 66 files.
number of los: 871
Number of delta F in this file is 6372
number of los: 555
Number of delta F in this file is 4093
number of los: 421
Number of delta F in this file is 3119
number of los: 236
Number of delta F in this file is 1773
number of los: 87
Number of delta F in this file is 629
number of los: 830
Number of delta F in this file is 6149
number of los: 248
Number of delta F in this file is 1962
number of los: 578
Number of delta F in this file is 4059
number of los: 193
Number of delta F in this file is 1375
number of los: 838
Number of delta F in this file is 6315
number of los: 34
Number of delta F in this file is 262
number of los: 302
Number of delta F in this file is 2160
number of los: 725
Number of delta F in this file is 5278
number of los: 512
Number of delta F in this file is 3735
number of los: 375
Number of delta F in this file is 2688
number of los: 387
Number of delta F in this file is 2909
number of los: 566
Number of delta F in this file is 4076
number of los: 865
Number of delta F in this file is 6424
number of los: 813
Number of delta F in this file is 6054
number of los: 764
Number of delta F in this file is 5721
number of los: 491
Number of delta F in this file is 3520
number of los: 785
Number of delta F in this file is 5764
number of los: 716
Number of delta F in this file is 5212
number of los: 32
Number of delta F in this file is 243
number of los: 849
Number of delta F in this file is 6130
number of los: 667
Number of delta F in this file is 5022
number of los: 821
Number of delta F in this file is 6030
number of los: 845
Number of delta F in this file is 6194
number of los: 598
Number of delta F in this file is 4492
number of los: 26
Number of delta F in this file is 186
number of los: 626
Number of delta F in this file is 4643
number of los: 874
Number of delta F in this file is 6550
number of los: 28
Number of delta F in this file is 224
number of los: 913
Number of delta F in this file is 6569
number of los: 417
Number of delta F in this file is 3105
number of los: 189
Number of delta F in this file is 1358
number of los: 233
Number of delta F in this file is 1794
number of los: 829
Number of delta F in this file is 6098
number of los: 805
Number of delta F in this file is 5880
number of los: 666
Number of delta F in this file is 4982
number of los: 904
Number of delta F in this file is 6717
number of los: 752
Number of delta F in this file is 5383
number of los: 811
Number of delta F in this file is 5927
number of los: 664
Number of delta F in this file is 4872
number of los: 833
Number of delta F in this file is 6039
number of los: 545
Number of delta F in this file is 3935
number of los: 662
Number of delta F in this file is 4908
number of los: 827
Number of delta F in this file is 5984
number of los: 820
Number of delta F in this file is 6035
number of los: 846
Number of delta F in this file is 6340
number of los: 836
Number of delta F in this file is 6264
number of los: 777
Number of delta F in this file is 5800
number of los: 692
Number of delta F in this file is 5106
number of los: 737
Number of delta F in this file is 5486
number of los: 699
Number of delta F in this file is 5297
number of los: 548
Number of delta F in this file is 4064
number of los: 726
Number of delta F in this file is 5453
number of los: 811
Number of delta F in this file is 6045
number of los: 787
Number of delta F in this file is 5864
number of los: 712
Number of delta F in this file is 5369
number of los: 763
Number of delta F in this file is 5636
number of los: 661
Number of delta F in this file is 4898
number of los: 603
Number of delta F in this file is 4360
number of los: 680
Number of delta F in this file is 4957
number of los: 65
Number of delta F in this file is 503
number of los: 858
Number of delta F in this file is 6306
number of los: 760
Number of delta F in this file is 5722
number of los: 757
Number of delta F in this file is 5544
number of los: 818
Number of delta F in this file is 6039
number of los: 845
Number of delta F in this file is 6341
number of los: 560
Number of delta F in this file is 4141
number of los: 844
Number of delta F in this file is 6278
Number of objects in chunk:  330762
saved: /pscratch/sd/q/qhang/desi-lya/delta_F-noise/delta-noisy-desi-footprint-chunk-2.fits
Total files to go through:  1146
Splitting into 16 chunks...
Chunk 0 contains 72 files.
Chunk 1 contains 72 files.
Chunk 2 contains 72 files.
Chunk 3 contains 72 files.
Chunk 4 contains 72 files.
Chunk 5 contains 72 files.
Chunk 6 contains 72 files.
Chunk 7 contains 72 files.
Chunk 8 contains 72 files.
Chunk 9 contains 72 files.
Chunk 10 contains 72 files.
Chunk 11 contains 72 files.
Chunk 12 contains 72 files.
Chunk 13 contains 72 files.
Chunk 14 contains 72 files.
Chunk 15 contains 66 files.
number of los: 812
Number of delta F in this file is 5998
number of los: 811
Number of delta F in this file is 6006
number of los: 792
Number of delta F in this file is 5877
number of los: 906
Number of delta F in this file is 6656
number of los: 542
Number of delta F in this file is 4027
number of los: 255
Number of delta F in this file is 1842
number of los: 237
Number of delta F in this file is 1769
number of los: 352
Number of delta F in this file is 2582
number of los: 203
Number of delta F in this file is 1466
number of los: 844
Number of delta F in this file is 6241
number of los: 308
Number of delta F in this file is 2236
number of los: 879
Number of delta F in this file is 6564
number of los: 848
Number of delta F in this file is 6298
number of los: 793
Number of delta F in this file is 5869
number of los: 824
Number of delta F in this file is 6076
number of los: 804
Number of delta F in this file is 6081
number of los: 702
Number of delta F in this file is 5273
number of los: 817
Number of delta F in this file is 6102
number of los: 847
Number of delta F in this file is 6503
number of los: 751
Number of delta F in this file is 5517
number of los: 839
Number of delta F in this file is 6359
number of los: 819
Number of delta F in this file is 6071
number of los: 143
Number of delta F in this file is 1086
number of los: 675
Number of delta F in this file is 4956
number of los: 732
Number of delta F in this file is 5459
number of los: 4
Number of delta F in this file is 34
number of los: 888
Number of delta F in this file is 6652
number of los: 699
Number of delta F in this file is 5050
number of los: 800
Number of delta F in this file is 5845
number of los: 830
Number of delta F in this file is 6100
number of los: 473
Number of delta F in this file is 3552
number of los: 601
Number of delta F in this file is 4484
number of los: 815
Number of delta F in this file is 5763
number of los: 362
Number of delta F in this file is 2723
number of los: 755
Number of delta F in this file is 5608
number of los: 793
Number of delta F in this file is 5846
number of los: 654
Number of delta F in this file is 4847
number of los: 913
Number of delta F in this file is 6844
number of los: 533
Number of delta F in this file is 4017
number of los: 880
Number of delta F in this file is 6440
number of los: 338
Number of delta F in this file is 2533
number of los: 120
Number of delta F in this file is 869
number of los: 829
Number of delta F in this file is 6277
number of los: 779
Number of delta F in this file is 5796
number of los: 777
Number of delta F in this file is 5724
number of los: 844
Number of delta F in this file is 6186
number of los: 628
Number of delta F in this file is 4650
number of los: 781
Number of delta F in this file is 5635
number of los: 748
Number of delta F in this file is 5619
number of los: 791
Number of delta F in this file is 5783
number of los: 79
Number of delta F in this file is 581
number of los: 724
Number of delta F in this file is 5353
number of los: 22
Number of delta F in this file is 166
number of los: 585
Number of delta F in this file is 4420
number of los: 777
Number of delta F in this file is 5667
number of los: 515
Number of delta F in this file is 3852
number of los: 546
Number of delta F in this file is 4071
number of los: 824
Number of delta F in this file is 6069
number of los: 253
Number of delta F in this file is 1951
number of los: 689
Number of delta F in this file is 5014
number of los: 772
Number of delta F in this file is 5587
number of los: 6
Number of delta F in this file is 49
number of los: 798
Number of delta F in this file is 5880
number of los: 367
Number of delta F in this file is 2786
number of los: 626
Number of delta F in this file is 4666
number of los: 746
Number of delta F in this file is 5495
number of los: 613
Number of delta F in this file is 4395
number of los: 760
Number of delta F in this file is 5684
number of los: 872
Number of delta F in this file is 6396
number of los: 809
Number of delta F in this file is 5939
number of los: 809
Number of delta F in this file is 5910
number of los: 493
Number of delta F in this file is 3663
Number of objects in chunk:  339385
saved: /pscratch/sd/q/qhang/desi-lya/delta_F-noise/delta-noisy-desi-footprint-chunk-14.fits
Total files to go through:  1146
Splitting into 16 chunks...
Chunk 0 contains 72 files.
Chunk 1 contains 72 files.
Chunk 2 contains 72 files.
Chunk 3 contains 72 files.
Chunk 4 contains 72 files.
Chunk 5 contains 72 files.
Chunk 6 contains 72 files.
Chunk 7 contains 72 files.
Chunk 8 contains 72 files.
Chunk 9 contains 72 files.
Chunk 10 contains 72 files.
Chunk 11 contains 72 files.
Chunk 12 contains 72 files.
Chunk 13 contains 72 files.
Chunk 14 contains 72 files.
Chunk 15 contains 66 files.
number of los: 395
Number of delta F in this file is 2947
number of los: 835
Number of delta F in this file is 6265
number of los: 775
Number of delta F in this file is 5670
number of los: 645
Number of delta F in this file is 4878
number of los: 800
Number of delta F in this file is 5896
number of los: 688
Number of delta F in this file is 5167
number of los: 822
Number of delta F in this file is 6070
number of los: 1
Number of delta F in this file is 8
number of los: 347
Number of delta F in this file is 2529
number of los: 49
Number of delta F in this file is 347
number of los: 796
Number of delta F in this file is 5818
number of los: 721
Number of delta F in this file is 5368
number of los: 424
Number of delta F in this file is 3199
number of los: 358
Number of delta F in this file is 2646
number of los: 551
Number of delta F in this file is 4079
number of los: 646
Number of delta F in this file is 4810
number of los: 701
Number of delta F in this file is 5178
number of los: 787
Number of delta F in this file is 5833
number of los: 9
Number of delta F in this file is 48
number of los: 10
Number of delta F in this file is 76
number of los: 874
Number of delta F in this file is 6439
number of los: 795
Number of delta F in this file is 5837
number of los: 213
Number of delta F in this file is 1582
number of los: 839
Number of delta F in this file is 6031
number of los: 22
Number of delta F in this file is 171
number of los: 751
Number of delta F in this file is 5607
number of los: 345
Number of delta F in this file is 2557
number of los: 816
Number of delta F in this file is 5873
number of los: 496
Number of delta F in this file is 3695
number of los: 764
Number of delta F in this file is 5619
number of los: 830
Number of delta F in this file is 6223
number of los: 758
Number of delta F in this file is 5599
number of los: 852
Number of delta F in this file is 6307
number of los: 807
Number of delta F in this file is 6157
number of los: 66
Number of delta F in this file is 464
number of los: 275
Number of delta F in this file is 2115
number of los: 843
Number of delta F in this file is 6284
number of los: 480
Number of delta F in this file is 3582
number of los: 865
Number of delta F in this file is 6386
number of los: 686
Number of delta F in this file is 5085
number of los: 854
Number of delta F in this file is 6433
number of los: 20
Number of delta F in this file is 128
number of los: 827
Number of delta F in this file is 5985
number of los: 441
Number of delta F in this file is 3219
number of los: 551
Number of delta F in this file is 4092
number of los: 857
Number of delta F in this file is 6221
number of los: 486
Number of delta F in this file is 3551
number of los: 835
Number of delta F in this file is 6249
number of los: 843
Number of delta F in this file is 6061
number of los: 623
Number of delta F in this file is 4420
number of los: 843
Number of delta F in this file is 6340
number of los: 874
Number of delta F in this file is 6451
number of los: 690
Number of delta F in this file is 4979
number of los: 805
Number of delta F in this file is 5876
number of los: 722
Number of delta F in this file is 5365
number of los: 763
Number of delta F in this file is 5666
number of los: 645
Number of delta F in this file is 4842
number of los: 738
Number of delta F in this file is 5444
number of los: 863
Number of delta F in this file is 6294
number of los: 30
Number of delta F in this file is 215
number of los: 137
Number of delta F in this file is 1026
number of los: 804
Number of delta F in this file is 6190
number of los: 490
Number of delta F in this file is 3739
number of los: 350
Number of delta F in this file is 2602
number of los: 760
Number of delta F in this file is 5534
number of los: 308
Number of delta F in this file is 2336
number of los: 280
Number of delta F in this file is 2140
number of los: 263
Number of delta F in this file is 1814
number of los: 745
Number of delta F in this file is 5535
number of los: 655
Number of delta F in this file is 4802
number of los: 654
Number of delta F in this file is 4880
number of los: 500
Number of delta F in this file is 3710
Number of objects in chunk:  310584
saved: /pscratch/sd/q/qhang/desi-lya/delta_F-noise/delta-noisy-desi-footprint-chunk-8.fits
Total files to go through:  1146
Splitting into 16 chunks...
Chunk 0 contains 72 files.
Chunk 1 contains 72 files.
Chunk 2 contains 72 files.
Chunk 3 contains 72 files.
Chunk 4 contains 72 files.
Chunk 5 contains 72 files.
Chunk 6 contains 72 files.
Chunk 7 contains 72 files.
Chunk 8 contains 72 files.
Chunk 9 contains 72 files.
Chunk 10 contains 72 files.
Chunk 11 contains 72 files.
Chunk 12 contains 72 files.
Chunk 13 contains 72 files.
Chunk 14 contains 72 files.
Chunk 15 contains 66 files.
number of los: 893
Number of delta F in this file is 6421
number of los: 839
Number of delta F in this file is 6164
number of los: 171
Number of delta F in this file is 1261
number of los: 132
Number of delta F in this file is 959
number of los: 647
Number of delta F in this file is 4595
number of los: 219
Number of delta F in this file is 1614
number of los: 35
Number of delta F in this file is 249
number of los: 797
Number of delta F in this file is 5987
number of los: 866
Number of delta F in this file is 6315
number of los: 797
Number of delta F in this file is 5848
number of los: 791
Number of delta F in this file is 6027
number of los: 786
Number of delta F in this file is 5892
number of los: 769
Number of delta F in this file is 5728
number of los: 164
Number of delta F in this file is 1260
number of los: 33
Number of delta F in this file is 267
number of los: 700
Number of delta F in this file is 5087
number of los: 695
Number of delta F in this file is 5201
number of los: 798
Number of delta F in this file is 6083
number of los: 814
Number of delta F in this file is 6007
number of los: 783
Number of delta F in this file is 5877
number of los: 517
Number of delta F in this file is 3725
number of los: 378
Number of delta F in this file is 2838
number of los: 511
Number of delta F in this file is 3797
number of los: 122
Number of delta F in this file is 881
number of los: 471
Number of delta F in this file is 3336
number of los: 497
Number of delta F in this file is 3708
number of los: 758
Number of delta F in this file is 5689
number of los: 103
Number of delta F in this file is 760
number of los: 431
Number of delta F in this file is 3201
number of los: 459
Number of delta F in this file is 3458
number of los: 597
Number of delta F in this file is 4481
number of los: 758
Number of delta F in this file is 5583
number of los: 766
Number of delta F in this file is 5840
number of los: 804
Number of delta F in this file is 5903
number of los: 297
Number of delta F in this file is 2122
number of los: 766
Number of delta F in this file is 5767
number of los: 804
Number of delta F in this file is 5845
number of los: 806
Number of delta F in this file is 5945
number of los: 821
Number of delta F in this file is 6099
number of los: 766
Number of delta F in this file is 5723
number of los: 3
Number of delta F in this file is 19
number of los: 552
Number of delta F in this file is 4067
number of los: 869
Number of delta F in this file is 6216
number of los: 782
Number of delta F in this file is 5772
number of los: 681
Number of delta F in this file is 5069
number of los: 518
Number of delta F in this file is 3751
number of los: 789
Number of delta F in this file is 5736
number of los: 783
Number of delta F in this file is 5945
number of los: 641
Number of delta F in this file is 4654
number of los: 757
Number of delta F in this file is 5544
number of los: 45
Number of delta F in this file is 327
number of los: 815
Number of delta F in this file is 5926
number of los: 793
Number of delta F in this file is 6008
number of los: 766
Number of delta F in this file is 5810
number of los: 829
Number of delta F in this file is 6179
number of los: 553
Number of delta F in this file is 4175
number of los: 734
Number of delta F in this file is 5283
number of los: 206
Number of delta F in this file is 1532
number of los: 292
Number of delta F in this file is 2237
number of los: 739
Number of delta F in this file is 5535
number of los: 745
Number of delta F in this file is 5428
number of los: 486
Number of delta F in this file is 3675
number of los: 803
Number of delta F in this file is 5807
number of los: 24
Number of delta F in this file is 174
number of los: 199
Number of delta F in this file is 1489
number of los: 781
Number of delta F in this file is 5757
number of los: 808
Number of delta F in this file is 5985
number of los: 814
Number of delta F in this file is 6147
number of los: 869
Number of delta F in this file is 6401
number of los: 727
Number of delta F in this file is 5433
number of los: 720
Number of delta F in this file is 5277
number of los: 15
Number of delta F in this file is 126
Number of objects in chunk:  313027
saved: /pscratch/sd/q/qhang/desi-lya/delta_F-noise/delta-noisy-desi-footprint-chunk-1.fits
Total files to go through:  1146
Splitting into 16 chunks...
Chunk 0 contains 72 files.
Chunk 1 contains 72 files.
Chunk 2 contains 72 files.
Chunk 3 contains 72 files.
Chunk 4 contains 72 files.
Chunk 5 contains 72 files.
Chunk 6 contains 72 files.
Chunk 7 contains 72 files.
Chunk 8 contains 72 files.
Chunk 9 contains 72 files.
Chunk 10 contains 72 files.
Chunk 11 contains 72 files.
Chunk 12 contains 72 files.
Chunk 13 contains 72 files.
Chunk 14 contains 72 files.
Chunk 15 contains 66 files.
number of los: 730
Number of delta F in this file is 5484
number of los: 717
Number of delta F in this file is 5359
number of los: 798
Number of delta F in this file is 5868
number of los: 796
Number of delta F in this file is 5762
number of los: 845
Number of delta F in this file is 6154
number of los: 651
Number of delta F in this file is 4848
number of los: 686
Number of delta F in this file is 5114
number of los: 14
Number of delta F in this file is 97
number of los: 252
Number of delta F in this file is 1822
number of los: 187
Number of delta F in this file is 1381
number of los: 559
Number of delta F in this file is 4081
number of los: 768
Number of delta F in this file is 5669
number of los: 402
Number of delta F in this file is 3045
number of los: 209
Number of delta F in this file is 1580
number of los: 729
Number of delta F in this file is 5476
number of los: 528
Number of delta F in this file is 3996
number of los: 775
Number of delta F in this file is 5736
number of los: 803
Number of delta F in this file is 5867
number of los: 790
Number of delta F in this file is 5953
number of los: 865
Number of delta F in this file is 6305
number of los: 458
Number of delta F in this file is 3361
number of los: 1
Number of delta F in this file is 7
number of los: 122
Number of delta F in this file is 886
number of los: 196
Number of delta F in this file is 1473
number of los: 808
Number of delta F in this file is 5843
number of los: 162
Number of delta F in this file is 1200
number of los: 792
Number of delta F in this file is 5928
number of los: 883
Number of delta F in this file is 6566
number of los: 117
Number of delta F in this file is 894
number of los: 214
Number of delta F in this file is 1577
number of los: 774
Number of delta F in this file is 5781
number of los: 685
Number of delta F in this file is 5093
number of los: 800
Number of delta F in this file is 5933
number of los: 816
Number of delta F in this file is 5992
number of los: 360
Number of delta F in this file is 2582
number of los: 842
Number of delta F in this file is 6099
number of los: 244
Number of delta F in this file is 1744
number of los: 870
Number of delta F in this file is 6401
number of los: 780
Number of delta F in this file is 5775
number of los: 795
Number of delta F in this file is 6087
number of los: 910
Number of delta F in this file is 6648
number of los: 823
Number of delta F in this file is 5970
number of los: 653
Number of delta F in this file is 4745
number of los: 697
Number of delta F in this file is 5116
number of los: 833
Number of delta F in this file is 6165
number of los: 779
Number of delta F in this file is 5725
number of los: 671
Number of delta F in this file is 5014
number of los: 309
Number of delta F in this file is 2306
number of los: 804
Number of delta F in this file is 6098
number of los: 558
Number of delta F in this file is 4140
number of los: 196
Number of delta F in this file is 1477
number of los: 377
Number of delta F in this file is 2842
number of los: 455
Number of delta F in this file is 3287
number of los: 675
Number of delta F in this file is 4888
number of los: 601
Number of delta F in this file is 4368
number of los: 880
Number of delta F in this file is 6610
number of los: 101
Number of delta F in this file is 710
number of los: 423
Number of delta F in this file is 3204
number of los: 805
Number of delta F in this file is 5919
number of los: 275
Number of delta F in this file is 2039
number of los: 716
Number of delta F in this file is 5121
number of los: 69
Number of delta F in this file is 533
number of los: 875
Number of delta F in this file is 6497
number of los: 140
Number of delta F in this file is 1041
number of los: 857
Number of delta F in this file is 6297
number of los: 250
Number of delta F in this file is 1861
number of los: 698
Number of delta F in this file is 5189
number of los: 201
Number of delta F in this file is 1353
number of los: 811
Number of delta F in this file is 5946
number of los: 193
Number of delta F in this file is 1406
number of los: 495
Number of delta F in this file is 3628
number of los: 851
Number of delta F in this file is 6428
Number of objects in chunk:  301390
saved: /pscratch/sd/q/qhang/desi-lya/delta_F-noise/delta-noisy-desi-footprint-chunk-3.fits
Total files to go through:  1146
Splitting into 16 chunks...
Chunk 0 contains 72 files.
Chunk 1 contains 72 files.
Chunk 2 contains 72 files.
Chunk 3 contains 72 files.
Chunk 4 contains 72 files.
Chunk 5 contains 72 files.
Chunk 6 contains 72 files.
Chunk 7 contains 72 files.
Chunk 8 contains 72 files.
Chunk 9 contains 72 files.
Chunk 10 contains 72 files.
Chunk 11 contains 72 files.
Chunk 12 contains 72 files.
Chunk 13 contains 72 files.
Chunk 14 contains 72 files.
Chunk 15 contains 66 files.
number of los: 651
Number of delta F in this file is 4790
number of los: 544
Number of delta F in this file is 3979
number of los: 712
Number of delta F in this file is 5277
number of los: 860
Number of delta F in this file is 6246
number of los: 869
Number of delta F in this file is 6472
number of los: 850
Number of delta F in this file is 6075
number of los: 827
Number of delta F in this file is 6027
number of los: 875
Number of delta F in this file is 6617
number of los: 780
Number of delta F in this file is 5675
number of los: 191
Number of delta F in this file is 1431
number of los: 451
Number of delta F in this file is 3353
number of los: 713
Number of delta F in this file is 5127
number of los: 845
Number of delta F in this file is 6207
number of los: 525
Number of delta F in this file is 3900
number of los: 234
Number of delta F in this file is 1745
number of los: 871
Number of delta F in this file is 6376
number of los: 683
Number of delta F in this file is 4989
number of los: 787
Number of delta F in this file is 5879
number of los: 468
Number of delta F in this file is 3419
number of los: 55
Number of delta F in this file is 418
number of los: 868
Number of delta F in this file is 6373
number of los: 463
Number of delta F in this file is 3418
number of los: 800
Number of delta F in this file is 5986
number of los: 818
Number of delta F in this file is 5957
number of los: 756
Number of delta F in this file is 5783
number of los: 701
Number of delta F in this file is 5291
number of los: 819
Number of delta F in this file is 6081
number of los: 6
Number of delta F in this file is 49
number of los: 631
Number of delta F in this file is 4666
number of los: 809
Number of delta F in this file is 5871
number of los: 828
Number of delta F in this file is 6054
number of los: 254
Number of delta F in this file is 1846
number of los: 790
Number of delta F in this file is 5952
number of los: 791
Number of delta F in this file is 5708
number of los: 838
Number of delta F in this file is 6104
number of los: 263
Number of delta F in this file is 1976
number of los: 457
Number of delta F in this file is 3416
number of los: 862
Number of delta F in this file is 6437
number of los: 731
Number of delta F in this file is 5500
number of los: 284
Number of delta F in this file is 2119
number of los: 454
Number of delta F in this file is 3416
number of los: 56
Number of delta F in this file is 418
number of los: 779
Number of delta F in this file is 5848
number of los: 882
Number of delta F in this file is 6655
number of los: 846
Number of delta F in this file is 6343
number of los: 734
Number of delta F in this file is 5322
number of los: 797
Number of delta F in this file is 5875
number of los: 804
Number of delta F in this file is 6074
number of los: 604
Number of delta F in this file is 4496
number of los: 877
Number of delta F in this file is 6475
number of los: 790
Number of delta F in this file is 5901
number of los: 504
Number of delta F in this file is 3772
number of los: 132
Number of delta F in this file is 983
number of los: 764
Number of delta F in this file is 5795
number of los: 409
Number of delta F in this file is 3091
number of los: 832
Number of delta F in this file is 6138
number of los: 872
Number of delta F in this file is 6409
number of los: 844
Number of delta F in this file is 6294
number of los: 301
Number of delta F in this file is 2214
number of los: 792
Number of delta F in this file is 5906
number of los: 762
Number of delta F in this file is 5633
number of los: 363
Number of delta F in this file is 2713
number of los: 701
Number of delta F in this file is 5161
number of los: 94
Number of delta F in this file is 668
number of los: 3
Number of delta F in this file is 17
number of los: 85
Number of delta F in this file is 652
number of los: 754
Number of delta F in this file is 5625
number of los: 627
Number of delta F in this file is 4802
number of los: 837
Number of delta F in this file is 6137
number of los: 790
Number of delta F in this file is 5832
number of los: 714
Number of delta F in this file is 5450
number of los: 11
Number of delta F in this file is 101
Number of objects in chunk:  328805
saved: /pscratch/sd/q/qhang/desi-lya/delta_F-noise/delta-noisy-desi-footprint-chunk-13.fits
Total files to go through:  1146
Splitting into 16 chunks...
Chunk 0 contains 72 files.
Chunk 1 contains 72 files.
Chunk 2 contains 72 files.
Chunk 3 contains 72 files.
Chunk 4 contains 72 files.
Chunk 5 contains 72 files.
Chunk 6 contains 72 files.
Chunk 7 contains 72 files.
Chunk 8 contains 72 files.
Chunk 9 contains 72 files.
Chunk 10 contains 72 files.
Chunk 11 contains 72 files.
Chunk 12 contains 72 files.
Chunk 13 contains 72 files.
Chunk 14 contains 72 files.
Chunk 15 contains 66 files.
number of los: 498
Number of delta F in this file is 3711
number of los: 910
Number of delta F in this file is 6694
number of los: 65
Number of delta F in this file is 501
number of los: 750
Number of delta F in this file is 5398
number of los: 815
Number of delta F in this file is 6056
number of los: 866
Number of delta F in this file is 6564
number of los: 286
Number of delta F in this file is 2118
number of los: 869
Number of delta F in this file is 6360
number of los: 717
Number of delta F in this file is 5330
number of los: 691
Number of delta F in this file is 4985
number of los: 657
Number of delta F in this file is 4777
number of los: 65
Number of delta F in this file is 441
number of los: 314
Number of delta F in this file is 2262
number of los: 518
Number of delta F in this file is 3814
number of los: 853
Number of delta F in this file is 6365
number of los: 493
Number of delta F in this file is 3487
number of los: 724
Number of delta F in this file is 5429
number of los: 37
Number of delta F in this file is 258
number of los: 871
Number of delta F in this file is 6324
number of los: 872
Number of delta F in this file is 6702
number of los: 632
Number of delta F in this file is 4646
number of los: 128
Number of delta F in this file is 942
number of los: 16
Number of delta F in this file is 112
number of los: 874
Number of delta F in this file is 6599
number of los: 334
Number of delta F in this file is 2476
number of los: 631
Number of delta F in this file is 4784
number of los: 613
Number of delta F in this file is 4569
number of los: 686
Number of delta F in this file is 5008
number of los: 466
Number of delta F in this file is 3546
number of los: 767
Number of delta F in this file is 5574
number of los: 815
Number of delta F in this file is 6102
number of los: 824
Number of delta F in this file is 6118
number of los: 696
Number of delta F in this file is 5166
number of los: 197
Number of delta F in this file is 1476
number of los: 168
Number of delta F in this file is 1272
number of los: 713
Number of delta F in this file is 5233
number of los: 568
Number of delta F in this file is 4228
number of los: 356
Number of delta F in this file is 2519
number of los: 834
Number of delta F in this file is 6197
number of los: 704
Number of delta F in this file is 5225
number of los: 387
Number of delta F in this file is 2859
number of los: 51
Number of delta F in this file is 350
number of los: 824
Number of delta F in this file is 6083
number of los: 513
Number of delta F in this file is 3769
number of los: 544
Number of delta F in this file is 3951
number of los: 840
Number of delta F in this file is 6203
number of los: 886
Number of delta F in this file is 6455
number of los: 843
Number of delta F in this file is 6260
number of los: 896
Number of delta F in this file is 6663
number of los: 759
Number of delta F in this file is 5655
number of los: 576
Number of delta F in this file is 4282
number of los: 815
Number of delta F in this file is 5998
number of los: 826
Number of delta F in this file is 5953
number of los: 800
Number of delta F in this file is 5969
number of los: 779
Number of delta F in this file is 5839
number of los: 853
Number of delta F in this file is 6270
number of los: 800
Number of delta F in this file is 5887
number of los: 745
Number of delta F in this file is 5613
number of los: 489
Number of delta F in this file is 3556
number of los: 522
Number of delta F in this file is 3849
number of los: 616
Number of delta F in this file is 4551
number of los: 200
Number of delta F in this file is 1512
number of los: 854
Number of delta F in this file is 6212
number of los: 485
Number of delta F in this file is 3619
number of los: 800
Number of delta F in this file is 5931
number of los: 620
Number of delta F in this file is 4492
number of los: 830
Number of delta F in this file is 6260
number of los: 673
Number of delta F in this file is 4992
number of los: 784
Number of delta F in this file is 5709
number of los: 575
Number of delta F in this file is 4298
number of los: 673
Number of delta F in this file is 5026
number of los: 797
Number of delta F in this file is 5995
Number of objects in chunk:  329429
saved: /pscratch/sd/q/qhang/desi-lya/delta_F-noise/delta-noisy-desi-footprint-chunk-7.fits
Total files to go through:  1146
Splitting into 16 chunks...
Chunk 0 contains 72 files.
Chunk 1 contains 72 files.
Chunk 2 contains 72 files.
Chunk 3 contains 72 files.
Chunk 4 contains 72 files.
Chunk 5 contains 72 files.
Chunk 6 contains 72 files.
Chunk 7 contains 72 files.
Chunk 8 contains 72 files.
Chunk 9 contains 72 files.
Chunk 10 contains 72 files.
Chunk 11 contains 72 files.
Chunk 12 contains 72 files.
Chunk 13 contains 72 files.
Chunk 14 contains 72 files.
Chunk 15 contains 66 files.
number of los: 406
Number of delta F in this file is 2904
number of los: 585
Number of delta F in this file is 4358
number of los: 866
Number of delta F in this file is 6253
number of los: 19
Number of delta F in this file is 126
number of los: 771
Number of delta F in this file is 5710
number of los: 780
Number of delta F in this file is 5703
number of los: 8
Number of delta F in this file is 55
number of los: 275
Number of delta F in this file is 2109
number of los: 628
Number of delta F in this file is 4749
number of los: 832
Number of delta F in this file is 6157
number of los: 826
Number of delta F in this file is 6063
number of los: 806
Number of delta F in this file is 5780
number of los: 817
Number of delta F in this file is 6168
number of los: 850
Number of delta F in this file is 6396
number of los: 556
Number of delta F in this file is 4143
number of los: 764
Number of delta F in this file is 5781
number of los: 801
Number of delta F in this file is 6046
number of los: 153
Number of delta F in this file is 1118
number of los: 881
Number of delta F in this file is 6427
number of los: 783
Number of delta F in this file is 5897
number of los: 812
Number of delta F in this file is 6265
number of los: 55
Number of delta F in this file is 407
number of los: 810
Number of delta F in this file is 5871
number of los: 483
Number of delta F in this file is 3567
number of los: 893
Number of delta F in this file is 6559
number of los: 530
Number of delta F in this file is 3801
number of los: 857
Number of delta F in this file is 6356
number of los: 782
Number of delta F in this file is 5785
number of los: 861
Number of delta F in this file is 6395
number of los: 885
Number of delta F in this file is 6445
number of los: 11
Number of delta F in this file is 85
number of los: 687
Number of delta F in this file is 5056
number of los: 628
Number of delta F in this file is 4626
number of los: 816
Number of delta F in this file is 6133
number of los: 692
Number of delta F in this file is 5139
number of los: 744
Number of delta F in this file is 5579
number of los: 220
Number of delta F in this file is 1577
number of los: 272
Number of delta F in this file is 1944
number of los: 454
Number of delta F in this file is 3425
number of los: 726
Number of delta F in this file is 5493
number of los: 751
Number of delta F in this file is 5484
number of los: 292
Number of delta F in this file is 2213
number of los: 773
Number of delta F in this file is 5793
number of los: 909
Number of delta F in this file is 6672
number of los: 847
Number of delta F in this file is 6148
number of los: 491
Number of delta F in this file is 3637
number of los: 693
Number of delta F in this file is 5089
number of los: 488
Number of delta F in this file is 3641
number of los: 712
Number of delta F in this file is 5201
number of los: 919
Number of delta F in this file is 6642
number of los: 636
Number of delta F in this file is 4763
number of los: 833
Number of delta F in this file is 6110
number of los: 341
Number of delta F in this file is 2537
number of los: 666
Number of delta F in this file is 4811
number of los: 324
Number of delta F in this file is 2395
number of los: 161
Number of delta F in this file is 1200
number of los: 188
Number of delta F in this file is 1426
number of los: 799
Number of delta F in this file is 5946
number of los: 475
Number of delta F in this file is 3555
number of los: 316
Number of delta F in this file is 2279
number of los: 879
Number of delta F in this file is 6494
number of los: 822
Number of delta F in this file is 6027
number of los: 788
Number of delta F in this file is 5868
number of los: 789
Number of delta F in this file is 5775
number of los: 707
Number of delta F in this file is 5197
number of los: 797
Number of delta F in this file is 5942
Number of objects in chunk:  303296
saved: /pscratch/sd/q/qhang/desi-lya/delta_F-noise/delta-noisy-desi-footprint-chunk-15.fits
Total files to go through:  1146
Splitting into 16 chunks...
Chunk 0 contains 72 files.
Chunk 1 contains 72 files.
Chunk 2 contains 72 files.
Chunk 3 contains 72 files.
Chunk 4 contains 72 files.
Chunk 5 contains 72 files.
Chunk 6 contains 72 files.
Chunk 7 contains 72 files.
Chunk 8 contains 72 files.
Chunk 9 contains 72 files.
Chunk 10 contains 72 files.
Chunk 11 contains 72 files.
Chunk 12 contains 72 files.
Chunk 13 contains 72 files.
Chunk 14 contains 72 files.
Chunk 15 contains 66 files.
number of los: 6
Number of delta F in this file is 40
number of los: 835
Number of delta F in this file is 6258
number of los: 653
Number of delta F in this file is 4706
number of los: 489
Number of delta F in this file is 3564
number of los: 748
Number of delta F in this file is 5501
number of los: 759
Number of delta F in this file is 5600
number of los: 767
Number of delta F in this file is 5624
number of los: 848
Number of delta F in this file is 6199
number of los: 12
Number of delta F in this file is 88
number of los: 592
Number of delta F in this file is 4406
number of los: 821
Number of delta F in this file is 6023
number of los: 804
Number of delta F in this file is 5931
number of los: 681
Number of delta F in this file is 5102
number of los: 576
Number of delta F in this file is 4272
number of los: 851
Number of delta F in this file is 6241
number of los: 853
Number of delta F in this file is 6271
number of los: 679
Number of delta F in this file is 4974
number of los: 803
Number of delta F in this file is 5999
number of los: 24
Number of delta F in this file is 162
number of los: 818
Number of delta F in this file is 5894
number of los: 605
Number of delta F in this file is 4464
number of los: 9
Number of delta F in this file is 52
number of los: 385
Number of delta F in this file is 2825
number of los: 194
Number of delta F in this file is 1443
number of los: 718
Number of delta F in this file is 5407
number of los: 772
Number of delta F in this file is 5877
number of los: 517
Number of delta F in this file is 3818
number of los: 389
Number of delta F in this file is 2815
number of los: 565
Number of delta F in this file is 4246
number of los: 299
Number of delta F in this file is 2185
number of los: 348
Number of delta F in this file is 2513
number of los: 467
Number of delta F in this file is 3397
number of los: 540
Number of delta F in this file is 4087
number of los: 160
Number of delta F in this file is 1146
number of los: 542
Number of delta F in this file is 4073
number of los: 385
Number of delta F in this file is 2828
number of los: 797
Number of delta F in this file is 5961
number of los: 837
Number of delta F in this file is 6127
number of los: 756
Number of delta F in this file is 5613
number of los: 4
Number of delta F in this file is 35
number of los: 28
Number of delta F in this file is 215
number of los: 679
Number of delta F in this file is 5007
number of los: 109
Number of delta F in this file is 799
number of los: 823
Number of delta F in this file is 6080
number of los: 785
Number of delta F in this file is 5641
number of los: 626
Number of delta F in this file is 4635
number of los: 814
Number of delta F in this file is 5940
number of los: 782
Number of delta F in this file is 6022
number of los: 778
Number of delta F in this file is 5665
number of los: 661
Number of delta F in this file is 4894
number of los: 394
Number of delta F in this file is 2960
number of los: 843
Number of delta F in this file is 6271
number of los: 451
Number of delta F in this file is 3294
number of los: 485
Number of delta F in this file is 3601
number of los: 833
Number of delta F in this file is 5960
number of los: 413
Number of delta F in this file is 3118
number of los: 575
Number of delta F in this file is 4256
number of los: 688
Number of delta F in this file is 5226
number of los: 828
Number of delta F in this file is 6045
number of los: 777
Number of delta F in this file is 5861
number of los: 798
Number of delta F in this file is 5849
number of los: 801
Number of delta F in this file is 5983
number of los: 122
Number of delta F in this file is 924
number of los: 678
Number of delta F in this file is 5039
number of los: 837
Number of delta F in this file is 6243
number of los: 860
Number of delta F in this file is 6396
number of los: 443
Number of delta F in this file is 3367
number of los: 533
Number of delta F in this file is 3971
number of los: 493
Number of delta F in this file is 3653
number of los: 489
Number of delta F in this file is 3659
number of los: 751
Number of delta F in this file is 5574
number of los: 798
Number of delta F in this file is 5937
Number of objects in chunk:  309852
saved: /pscratch/sd/q/qhang/desi-lya/delta_F-noise/delta-noisy-desi-footprint-chunk-12.fits
Total files to go through:  1146
Splitting into 16 chunks...
Chunk 0 contains 72 files.
Chunk 1 contains 72 files.
Chunk 2 contains 72 files.
Chunk 3 contains 72 files.
Chunk 4 contains 72 files.
Chunk 5 contains 72 files.
Chunk 6 contains 72 files.
Chunk 7 contains 72 files.
Chunk 8 contains 72 files.
Chunk 9 contains 72 files.
Chunk 10 contains 72 files.
Chunk 11 contains 72 files.
Chunk 12 contains 72 files.
Chunk 13 contains 72 files.
Chunk 14 contains 72 files.
Chunk 15 contains 66 files.
number of los: 395
Number of delta F in this file is 2908
number of los: 789
Number of delta F in this file is 5805
number of los: 639
Number of delta F in this file is 4697
number of los: 364
Number of delta F in this file is 2741
number of los: 839
Number of delta F in this file is 6355
number of los: 784
Number of delta F in this file is 5853
number of los: 883
Number of delta F in this file is 6400
number of los: 838
Number of delta F in this file is 6060
number of los: 773
Number of delta F in this file is 5643
number of los: 679
Number of delta F in this file is 4852
number of los: 787
Number of delta F in this file is 5819
number of los: 664
Number of delta F in this file is 5029
number of los: 846
Number of delta F in this file is 6187
number of los: 591
Number of delta F in this file is 4478
number of los: 824
Number of delta F in this file is 6133
number of los: 229
Number of delta F in this file is 1634
number of los: 717
Number of delta F in this file is 5386
number of los: 183
Number of delta F in this file is 1289
number of los: 765
Number of delta F in this file is 5678
number of los: 313
Number of delta F in this file is 2286
number of los: 311
Number of delta F in this file is 2312
number of los: 825
Number of delta F in this file is 6100
number of los: 686
Number of delta F in this file is 4990
number of los: 777
Number of delta F in this file is 5786
number of los: 814
Number of delta F in this file is 6103
number of los: 748
Number of delta F in this file is 5500
number of los: 802
Number of delta F in this file is 5949
number of los: 595
Number of delta F in this file is 4339
number of los: 855
Number of delta F in this file is 6300
number of los: 822
Number of delta F in this file is 5962
number of los: 159
Number of delta F in this file is 1195
number of los: 20
Number of delta F in this file is 153
number of los: 790
Number of delta F in this file is 5787
number of los: 753
Number of delta F in this file is 5421
number of los: 866
Number of delta F in this file is 6453
number of los: 879
Number of delta F in this file is 6448
number of los: 814
Number of delta F in this file is 6052
number of los: 677
Number of delta F in this file is 5040
number of los: 784
Number of delta F in this file is 5845
number of los: 716
Number of delta F in this file is 5339
number of los: 745
Number of delta F in this file is 5644
number of los: 808
Number of delta F in this file is 5843
number of los: 686
Number of delta F in this file is 5088
number of los: 452
Number of delta F in this file is 3436
number of los: 77
Number of delta F in this file is 580
number of los: 739
Number of delta F in this file is 5452
number of los: 393
Number of delta F in this file is 2844
number of los: 741
Number of delta F in this file is 5428
number of los: 837
Number of delta F in this file is 6213
number of los: 801
Number of delta F in this file is 5915
number of los: 762
Number of delta F in this file is 5616
number of los: 665
Number of delta F in this file is 4923
number of los: 668
Number of delta F in this file is 4834
number of los: 186
Number of delta F in this file is 1429
number of los: 528
Number of delta F in this file is 4088
number of los: 738
Number of delta F in this file is 5385
number of los: 813
Number of delta F in this file is 5872
number of los: 391
Number of delta F in this file is 2940
number of los: 836
Number of delta F in this file is 6119
number of los: 845
Number of delta F in this file is 6296
number of los: 880
Number of delta F in this file is 6322
number of los: 17
Number of delta F in this file is 128
number of los: 768
Number of delta F in this file is 5618
number of los: 454
Number of delta F in this file is 3386
number of los: 847
Number of delta F in this file is 6329
number of los: 222
Number of delta F in this file is 1596
number of los: 813
Number of delta F in this file is 5896
number of los: 754
Number of delta F in this file is 5723
number of los: 643
Number of delta F in this file is 4658
number of los: 637
Number of delta F in this file is 4582
number of los: 648
Number of delta F in this file is 4761
number of los: 240
Number of delta F in this file is 1823
Number of objects in chunk:  341074
saved: /pscratch/sd/q/qhang/desi-lya/delta_F-noise/delta-noisy-desi-footprint-chunk-9.fits
Total files to go through:  1146
Splitting into 16 chunks...
Chunk 0 contains 72 files.
Chunk 1 contains 72 files.
Chunk 2 contains 72 files.
Chunk 3 contains 72 files.
Chunk 4 contains 72 files.
Chunk 5 contains 72 files.
Chunk 6 contains 72 files.
Chunk 7 contains 72 files.
Chunk 8 contains 72 files.
Chunk 9 contains 72 files.
Chunk 10 contains 72 files.
Chunk 11 contains 72 files.
Chunk 12 contains 72 files.
Chunk 13 contains 72 files.
Chunk 14 contains 72 files.
Chunk 15 contains 66 files.
number of los: 796
Number of delta F in this file is 5803
number of los: 817
Number of delta F in this file is 6146
number of los: 796
Number of delta F in this file is 5883
number of los: 837
Number of delta F in this file is 6136
number of los: 715
Number of delta F in this file is 5374
number of los: 732
Number of delta F in this file is 5555
number of los: 753
Number of delta F in this file is 5667
number of los: 192
Number of delta F in this file is 1454
number of los: 817
Number of delta F in this file is 6054
number of los: 425
Number of delta F in this file is 3109
number of los: 819
Number of delta F in this file is 6042
number of los: 787
Number of delta F in this file is 5762
number of los: 625
Number of delta F in this file is 4525
number of los: 362
Number of delta F in this file is 2792
number of los: 893
Number of delta F in this file is 6587
number of los: 795
Number of delta F in this file is 5941
number of los: 509
Number of delta F in this file is 3653
number of los: 622
Number of delta F in this file is 4682
number of los: 796
Number of delta F in this file is 5945
number of los: 813
Number of delta F in this file is 6032
number of los: 566
Number of delta F in this file is 4171
number of los: 778
Number of delta F in this file is 5832
number of los: 752
Number of delta F in this file is 5550
number of los: 822
Number of delta F in this file is 6063
number of los: 776
Number of delta F in this file is 5609
number of los: 749
Number of delta F in this file is 5445
number of los: 332
Number of delta F in this file is 2459
number of los: 573
Number of delta F in this file is 4239
number of los: 785
Number of delta F in this file is 5789
number of los: 485
Number of delta F in this file is 3598
number of los: 779
Number of delta F in this file is 5798
number of los: 762
Number of delta F in this file is 5685
number of los: 633
Number of delta F in this file is 4685
number of los: 636
Number of delta F in this file is 4862
number of los: 447
Number of delta F in this file is 3297
number of los: 793
Number of delta F in this file is 5887
number of los: 808
Number of delta F in this file is 5999
number of los: 30
Number of delta F in this file is 228
number of los: 576
Number of delta F in this file is 4377
number of los: 705
Number of delta F in this file is 5260
number of los: 810
Number of delta F in this file is 5996
number of los: 850
Number of delta F in this file is 6345
number of los: 846
Number of delta F in this file is 6295
number of los: 666
Number of delta F in this file is 5017
number of los: 865
Number of delta F in this file is 6323
number of los: 841
Number of delta F in this file is 6059
number of los: 723
Number of delta F in this file is 5292
number of los: 760
Number of delta F in this file is 5572
number of los: 656
Number of delta F in this file is 5005
number of los: 822
Number of delta F in this file is 6279
number of los: 637
Number of delta F in this file is 4549
number of los: 537
Number of delta F in this file is 3990
number of los: 886
Number of delta F in this file is 6547
number of los: 774
Number of delta F in this file is 5829
number of los: 796
Number of delta F in this file is 6120
number of los: 810
Number of delta F in this file is 5827
number of los: 788
Number of delta F in this file is 5873
number of los: 782
Number of delta F in this file is 5904
number of los: 804
Number of delta F in this file is 5880
number of los: 61
Number of delta F in this file is 434
number of los: 586
Number of delta F in this file is 4405
number of los: 11
Number of delta F in this file is 66
number of los: 835
Number of delta F in this file is 6193
number of los: 642
Number of delta F in this file is 4695
number of los: 669
Number of delta F in this file is 5124
number of los: 441
Number of delta F in this file is 3304
number of los: 736
Number of delta F in this file is 5340
number of los: 831
Number of delta F in this file is 6223
number of los: 652
Number of delta F in this file is 4648
number of los: 841
Number of delta F in this file is 6031
number of los: 561
Number of delta F in this file is 4139
number of los: 654
Number of delta F in this file is 4867
Number of objects in chunk:  362146
saved: /pscratch/sd/q/qhang/desi-lya/delta_F-noise/delta-noisy-desi-footprint-chunk-10.fits
Total files to go through:  1146
Splitting into 16 chunks...
Chunk 0 contains 72 files.
Chunk 1 contains 72 files.
Chunk 2 contains 72 files.
Chunk 3 contains 72 files.
Chunk 4 contains 72 files.
Chunk 5 contains 72 files.
Chunk 6 contains 72 files.
Chunk 7 contains 72 files.
Chunk 8 contains 72 files.
Chunk 9 contains 72 files.
Chunk 10 contains 72 files.
Chunk 11 contains 72 files.
Chunk 12 contains 72 files.
Chunk 13 contains 72 files.
Chunk 14 contains 72 files.
Chunk 15 contains 66 files.
number of los: 872
Number of delta F in this file is 6288
number of los: 617
Number of delta F in this file is 4648
number of los: 823
Number of delta F in this file is 6128
number of los: 425
Number of delta F in this file is 3126
number of los: 791
Number of delta F in this file is 5687
number of los: 827
Number of delta F in this file is 6109
number of los: 854
Number of delta F in this file is 6390
number of los: 5
Number of delta F in this file is 30
number of los: 889
Number of delta F in this file is 6547
number of los: 807
Number of delta F in this file is 5935
number of los: 771
Number of delta F in this file is 5710
number of los: 791
Number of delta F in this file is 5832
number of los: 627
Number of delta F in this file is 4602
number of los: 861
Number of delta F in this file is 6505
number of los: 752
Number of delta F in this file is 5613
number of los: 775
Number of delta F in this file is 5756
number of los: 363
Number of delta F in this file is 2648
number of los: 814
Number of delta F in this file is 6026
number of los: 774
Number of delta F in this file is 5818
number of los: 884
Number of delta F in this file is 6672
number of los: 844
Number of delta F in this file is 6265
number of los: 215
Number of delta F in this file is 1589
number of los: 23
Number of delta F in this file is 176
number of los: 808
Number of delta F in this file is 5656
number of los: 360
Number of delta F in this file is 2793
number of los: 168
Number of delta F in this file is 1288
number of los: 628
Number of delta F in this file is 4544
number of los: 836
Number of delta F in this file is 6045
number of los: 749
Number of delta F in this file is 5535
number of los: 601
Number of delta F in this file is 4412
number of los: 192
Number of delta F in this file is 1364
number of los: 368
Number of delta F in this file is 2645
number of los: 827
Number of delta F in this file is 6217
number of los: 755
Number of delta F in this file is 5653
number of los: 848
Number of delta F in this file is 6272
number of los: 611
Number of delta F in this file is 4631
number of los: 491
Number of delta F in this file is 3723
number of los: 615
Number of delta F in this file is 4594
number of los: 840
Number of delta F in this file is 6046
number of los: 496
Number of delta F in this file is 3639
number of los: 304
Number of delta F in this file is 2271
number of los: 897
Number of delta F in this file is 6410
number of los: 815
Number of delta F in this file is 6064
number of los: 791
Number of delta F in this file is 5924
number of los: 7
Number of delta F in this file is 60
number of los: 189
Number of delta F in this file is 1361
number of los: 792
Number of delta F in this file is 5899
number of los: 760
Number of delta F in this file is 5577
number of los: 754
Number of delta F in this file is 5551
number of los: 782
Number of delta F in this file is 5812
number of los: 358
Number of delta F in this file is 2638
number of los: 788
Number of delta F in this file is 5735
number of los: 541
Number of delta F in this file is 3918
number of los: 281
Number of delta F in this file is 2052
number of los: 661
Number of delta F in this file is 4935
number of los: 735
Number of delta F in this file is 5320
number of los: 745
Number of delta F in this file is 5593
number of los: 798
Number of delta F in this file is 5954
number of los: 808
Number of delta F in this file is 5907
number of los: 780
Number of delta F in this file is 5999
number of los: 403
Number of delta F in this file is 3026
number of los: 471
Number of delta F in this file is 3442
number of los: 448
Number of delta F in this file is 3316
number of los: 429
Number of delta F in this file is 3199
number of los: 733
Number of delta F in this file is 5392
number of los: 853
Number of delta F in this file is 6412
number of los: 789
Number of delta F in this file is 5751
number of los: 117
Number of delta F in this file is 868
number of los: 362
Number of delta F in this file is 2732
number of los: 806
Number of delta F in this file is 6014
number of los: 488
Number of delta F in this file is 3653
number of los: 358
Number of delta F in this file is 2608
Number of objects in chunk:  328550
saved: /pscratch/sd/q/qhang/desi-lya/delta_F-noise/delta-noisy-desi-footprint-chunk-11.fits
